<?xml version="1.0" encoding="UTF-8"?>
<!-- Generated by org.testng.reporters.JUnitReportReporter -->
<testsuite skipped="2" hostname="DESKTOP-4PDFKMD" name="testRunener.TestRunner" tests="4" failures="1" timestamp="2019-11-15T12:18:43 CST" time="66.308" errors="1">
  <testcase name="runScenario" time="13.187" classname="testRunener.TestRunner">
    <failure type="java.lang.AssertionError" message="expected [Login - My Store] but found [There is 1 error]">
      <![CDATA[java.lang.AssertionError: expected [Login - My Store] but found [There is 1 error]
at org.testng.Assert.fail(Assert.java:97)
at org.testng.Assert.assertEqualsImpl(Assert.java:136)
at org.testng.Assert.assertEquals(Assert.java:118)
at org.testng.Assert.assertEquals(Assert.java:575)
at org.testng.Assert.assertEquals(Assert.java:585)
at stepDefinition.ThenLogin.user_should_not_be_in_the_profile_page(ThenLogin.java:25)
at ✽.user should not be in the profile page(file:src/test/resources/features/login.feature:48)
]]>
    </failure>
  </testcase> <!-- runScenario -->
  <testcase name="runScenario" time="18.483" classname="testRunener.TestRunner">
    <skipped/>
  </testcase> <!-- runScenario -->
  <testcase name="runScenario" time="16.795" classname="testRunener.TestRunner">
    <skipped/>
  </testcase> <!-- runScenario -->
  <testcase name="runScenario" time="17.843" classname="testRunener.TestRunner">
    <error type="org.openqa.selenium.SessionNotCreatedException" message="session not created
from chrome not reachable
  (Session info: chrome=78.0.3904.97)
Build info: version: &#039;3.141.59&#039;, revision: &#039;e82be7d358&#039;, time: &#039;2018-11-14T08:17:03&#039;
System info: host: &#039;DESKTOP-4PDFKMD&#039;, ip: &#039;10.108.1.41&#039;, os.name: &#039;Windows 10&#039;, os.arch: &#039;amd64&#039;, os.version: &#039;10.0&#039;, java.version: &#039;1.8.0_231&#039;
Driver info: driver.version: ChromeDriver
remote stacktrace: Backtrace:
	Ordinal0 [0x00E5A903+1550595]
	Ordinal0 [0x00DDA701+1025793]
	Ordinal0 [0x00D5C58E+509326]
	Ordinal0 [0x00D562C2+484034]
	Ordinal0 [0x00D5699B+485787]
	Ordinal0 [0x00D57B05+490245]
	Ordinal0 [0x00D53A85+473733]
	Ordinal0 [0x00D5D330+512816]
	Ordinal0 [0x00D0B649+177737]
	Ordinal0 [0x00D0A8ED+174317]
	Ordinal0 [0x00D08CDB+167131]
	Ordinal0 [0x00CF144A+70730]
	Ordinal0 [0x00CF24D0+74960]
	Ordinal0 [0x00CF2469+74857]
	Ordinal0 [0x00DF42C7+1131207]
	GetHandleVerifier [0x00EF70FD+523789]
	GetHandleVerifier [0x00EF6E90+523168]
	GetHandleVerifier [0x00EFE1E7+552695]
	GetHandleVerifier [0x00EF78FA+525834]
	Ordinal0 [0x00DEB7FC+1095676]
	Ordinal0 [0x00DF633B+1139515]
	Ordinal0 [0x00DF64A3+1139875]
	Ordinal0 [0x00DF5425+1135653]
	BaseThreadInitThunk [0x76216359+25]
	RtlGetAppContainerNamedObjectPath [0x77267B74+228]
	RtlGetAppContainerNamedObjectPath [0x77267B44+180]
">
      <![CDATA[org.openqa.selenium.SessionNotCreatedException: session not created
from chrome not reachable
  (Session info: chrome=78.0.3904.97)
Build info: version: '3.141.59', revision: 'e82be7d358', time: '2018-11-14T08:17:03'
System info: host: 'DESKTOP-4PDFKMD', ip: '10.108.1.41', os.name: 'Windows 10', os.arch: 'amd64', os.version: '10.0', java.version: '1.8.0_231'
Driver info: driver.version: ChromeDriver
remote stacktrace: Backtrace:
Ordinal0 [0x00E5A903+1550595]
Ordinal0 [0x00DDA701+1025793]
Ordinal0 [0x00D5C58E+509326]
Ordinal0 [0x00D562C2+484034]
Ordinal0 [0x00D5699B+485787]
Ordinal0 [0x00D57B05+490245]
Ordinal0 [0x00D53A85+473733]
Ordinal0 [0x00D5D330+512816]
Ordinal0 [0x00D0B649+177737]
Ordinal0 [0x00D0A8ED+174317]
Ordinal0 [0x00D08CDB+167131]
Ordinal0 [0x00CF144A+70730]
Ordinal0 [0x00CF24D0+74960]
Ordinal0 [0x00CF2469+74857]
Ordinal0 [0x00DF42C7+1131207]
GetHandleVerifier [0x00EF70FD+523789]
GetHandleVerifier [0x00EF6E90+523168]
GetHandleVerifier [0x00EFE1E7+552695]
GetHandleVerifier [0x00EF78FA+525834]
Ordinal0 [0x00DEB7FC+1095676]
Ordinal0 [0x00DF633B+1139515]
Ordinal0 [0x00DF64A3+1139875]
Ordinal0 [0x00DF5425+1135653]
BaseThreadInitThunk [0x76216359+25]
RtlGetAppContainerNamedObjectPath [0x77267B74+228]
RtlGetAppContainerNamedObjectPath [0x77267B44+180]

at sun.reflect.NativeConstructorAccessorImpl.newInstance0(Native Method)
at sun.reflect.NativeConstructorAccessorImpl.newInstance(NativeConstructorAccessorImpl.java:62)
at sun.reflect.DelegatingConstructorAccessorImpl.newInstance(DelegatingConstructorAccessorImpl.java:45)
at java.lang.reflect.Constructor.newInstance(Constructor.java:423)
at org.openqa.selenium.remote.W3CHandshakeResponse.lambda$errorHandler$0(W3CHandshakeResponse.java:62)
at org.openqa.selenium.remote.HandshakeResponse.lambda$getResponseFunction$0(HandshakeResponse.java:30)
at org.openqa.selenium.remote.ProtocolHandshake.lambda$createSession$0(ProtocolHandshake.java:126)
at java.util.stream.ReferencePipeline$3$1.accept(ReferencePipeline.java:193)
at java.util.Spliterators$ArraySpliterator.tryAdvance(Spliterators.java:958)
at java.util.stream.ReferencePipeline.forEachWithCancel(ReferencePipeline.java:126)
at java.util.stream.AbstractPipeline.copyIntoWithCancel(AbstractPipeline.java:499)
at java.util.stream.AbstractPipeline.copyInto(AbstractPipeline.java:486)
at java.util.stream.AbstractPipeline.wrapAndCopyInto(AbstractPipeline.java:472)
at java.util.stream.FindOps$FindOp.evaluateSequential(FindOps.java:152)
at java.util.stream.AbstractPipeline.evaluate(AbstractPipeline.java:234)
at java.util.stream.ReferencePipeline.findFirst(ReferencePipeline.java:464)
at org.openqa.selenium.remote.ProtocolHandshake.createSession(ProtocolHandshake.java:128)
at org.openqa.selenium.remote.ProtocolHandshake.createSession(ProtocolHandshake.java:74)
at org.openqa.selenium.remote.HttpCommandExecutor.execute(HttpCommandExecutor.java:136)
at org.openqa.selenium.remote.service.DriverCommandExecutor.execute(DriverCommandExecutor.java:83)
at org.openqa.selenium.remote.RemoteWebDriver.execute(RemoteWebDriver.java:552)
at org.openqa.selenium.remote.RemoteWebDriver.startSession(RemoteWebDriver.java:213)
at org.openqa.selenium.remote.RemoteWebDriver.<init>(RemoteWebDriver.java:131)
at org.openqa.selenium.chrome.ChromeDriver.<init>(ChromeDriver.java:181)
at org.openqa.selenium.chrome.ChromeDriver.<init>(ChromeDriver.java:168)
at org.openqa.selenium.chrome.ChromeDriver.<init>(ChromeDriver.java:123)
at stepDefinition.GivenLogin.user_open_the_browser_to_the_page(GivenLogin.java:28)
at ✽.user open the browser to the page(file:src/test/resources/features/login.feature:36)
]]>
    </error>
  </testcase> <!-- runScenario -->
</testsuite> <!-- testRunener.TestRunner -->
